make --dry-run --keep-going --print-directory
make: Entering directory '/mnt/nfs/homes/akouoi/repo/push_swap_2'
make all -C libft
 
gcc -Wall -Werror -Wextra -c check_arg.c
 
gcc main.o check_arg.o init.o moves.o move_r.o move_p.o move_s.o print.o refresh.o sort_bubble.o sort_quick.o sort_two_three.o sort_test.o math.o -L libft/. -lft -g -o push_swap 
echo "\033[1;33m     ____     ____ 	\033[0m"
echo "\033[1;33m    '000\ \ / /000' 		\033[0m"
echo "\033[1;33m    ,\\\\\ | /////, 		\033[0m"
echo "\033[1;33m __  \ .--. .--. /  __	    \033[0m"
echo "\033[1;33m___\/ '    |    ' \/___	\033[0m"
echo "\033[1;33m-- _, !    |    ! ,_ --	\033[0m"
 
echo "\033[1;33m   / '!    |    !' \ 	    \033[0m"
echo "\033[1;33m  /'/ !    |    ! \'\  	\033[0m"
echo "\033[1;33m 10 ! \   0|0   / ! 01 	\033[0m"
echo "\033[1;33m !0 \   --; ;--   / 0!		\033[0m"
echo "\033[1;33m     \    ,-,    /     	\033[0m"
echo "\033[1;33m  \ 0  --~   ~--  0 / 	    \033[0m"
echo "\033[1;33m   \ -___________- /		\033[0m"
echo "\033[1;33m       MAKE DONE\033[0m"
make: Leaving directory '/mnt/nfs/homes/akouoi/repo/push_swap_2'
 
