make all --print-data-base --no-builtin-variables --no-builtin-rules --question
# GNU Make 4.2.1
# Built for x86_64-pc-linux-gnu
# Copyright (C) 1988-2016 Free Software Foundation, Inc.
# License GPLv3+: GNU GPL version 3 or later <http://gnu.org/licenses/gpl.html>
# This is free software: you are free to change and redistribute it.
# There is NO WARRANTY, to the extent permitted by law.

# Make data base, printed on Thu Jun 30 11:16:53 2022

# Variables

# automatic
<D = $(patsubst %/,%,$(dir $<))
# automatic
?F = $(notdir $?)
# environment
DESKTOP_SESSION = ubuntu
# default
.SHELLFLAGS := -c
# makefile (from 'Makefile', line 53)
OBJ = $(SRC:.c=.o)
# environment
XDG_SESSION_CLASS = user
# makefile (from 'Makefile', line 5)
SRC = ft_atoi.c ft_bzero.c ft_calloc.c ft_isalnum.c ft_isalpha.c ft_isascii.c ft_isdigit.c ft_isprint.c ft_itoa.c ft_memchr.c ft_memcmp.c ft_memcpy.c ft_memmove.c ft_memset.c ft_putchar_fd.c ft_putendl_fd.c ft_putnbr_fd.c ft_putstr_fd.c ft_split.c ft_strchr.c ft_strdup.c ft_striteri.c ft_strjoin.c ft_strlcpy.c ft_strlen.c ft_strlcat.c ft_strmapi.c ft_strncmp.c ft_strnstr.c ft_strrchr.c ft_strtrim.c ft_substr.c ft_tolower.c ft_toupper.c ft_dec.c ft_hex.c ft_str.c ft_printf.c ft_lstnew_bonus.c ft_lstadd_front_bonus.c ft_lstsize_bonus.c ft_lstlast_bonus.c ft_lstadd_back_bonus.c ft_lstdelone_bonus.c ft_lstiter_bonus.c ft_lstclear_bonus.c ft_lstmap_bonus.c
# environment
XDG_SESSION_TYPE = x11
# environment
VSCODE_LOG_NATIVE = false
# automatic
?D = $(patsubst %/,%,$(dir $?))
# automatic
@D = $(patsubst %/,%,$(dir $@))
# environment
XAUTHORITY = /mnt/nfs/homes/akouoi/.Xauthority
# environment
GDMSESSION = ubuntu
# environment
XMODIFIERS = @im=ibus
# makefile
CURDIR := /mnt/nfs/homes/akouoi/repo/push_swap_2/libft
# makefile
SHELL = /bin/sh
# environment
VTE_VERSION = 6003
# environment
VSCODE_NLS_CONFIG = {"locale":"en-us","availableLanguages":{},"_languagePackSupport":true}
# environment
_ = /usr/bin/code
# environment
JOURNAL_STREAM = 9:59203
# environment
XDG_CONFIG_DIRS = /etc/xdg/xdg-ubuntu:/etc/xdg
# makefile (from 'Makefile', line 1)
MAKEFILE_LIST :=  Makefile
# automatic
@F = $(notdir $@)
# environment
IM_CONFIG_PHASE = 1
# 'override' directive
GNUMAKEFLAGS := 
# environment
MANDATORY_PATH = /usr/share/gconf/ubuntu.mandatory.path
# environment
XDG_DATA_DIRS = /usr/share/gnome:/usr/share/ubuntu:/mnt/nfs/homes/akouoi/.local/share/flatpak/exports/share:/var/lib/flatpak/exports/share:/usr/local/share:/usr/share:/var/lib/snapd/desktop
# environment
DBUS_SESSION_BUS_ADDRESS = unix:path=/run/user/101966/bus
# environment
VSCODE_VERBOSE_LOGGING = true
# environment
MANAGERPID = 3891
# environment
VSCODE_IPC_HOOK_EXTHOST = /run/user/101966/vscode-ipc-a05276e0-ec88-47a8-bf68-a688f2f1f714.sock
# environment
VSCODE_CWD = /mnt/nfs/homes/akouoi/repo/push_swap_2
# environment
XDG_SESSION_PATH = /org/freedesktop/DisplayManager/Session0
# environment
KRB5CCNAME = FILE:/tmp/krb5cc_101966_pTGbXl
# default
MAKE_HOST := x86_64-pc-linux-gnu
# environment
PATH = /mnt/nfs/homes/akouoi/bin:/usr/local/sbin:/usr/local/bin:/usr/sbin:/usr/bin:/sbin:/bin:/usr/games:/usr/local/games:/snap/bin
# environment
GPG_AGENT_INFO = /run/user/101966/gnupg/S.gpg-agent:0:1
# environment
SESSION_MANAGER = local/e2r10p23.42.fr:@/tmp/.ICE-unix/4394,unix/e2r10p23.42.fr:/tmp/.ICE-unix/4394
# environment
XDG_RUNTIME_DIR = /run/user/101966
# environment
LC_ALL = C
# environment
XDG_MENU_PREFIX = gnome-
# environment
VSCODE_LOG_STACK = false
# environment
ELECTRON_RUN_AS_NODE = 1
# environment
INVOCATION_ID = c74d0246696b426db18d457cdd2f0530
# default
.FEATURES := target-specific order-only second-expansion else-if shortest-stem undefine oneshell archives jobserver output-sync check-symlink load
# environment
XDG_GREETER_DATA_DIR = /var/lib/lightdm-data/akouoi
# environment
XDG_SESSION_DESKTOP = ubuntu
# environment
SSH_AUTH_SOCK = /run/user/101966/keyring/ssh
# automatic
%F = $(notdir $%)
# environment
DISPLAY = :0
# environment
VSCODE_PIPE_LOGGING = true
# environment
PWD = /mnt/nfs/homes/akouoi/repo/push_swap_2
# default
.LOADED := 
# environment
SSH_AGENT_PID = 4358
# environment
ORIGINAL_XDG_CURRENT_DESKTOP = ubuntu:GNOME
# environment
GTK_MODULES = gail:atk-bridge
# environment
VSCODE_AMD_ENTRYPOINT = vs/workbench/api/node/extensionHostProcess
# environment
HOME = /mnt/nfs/homes/akouoi
# environment
VSCODE_CLI = 1
# environment
VSCODE_CODE_CACHE_PATH = /mnt/nfs/homes/akouoi/.config/Code/CachedData/30d9c6cd9483b2cc586687151bcbcd635f373630
# environment
LOGNAME = akouoi
# environment
APPLICATION_INSIGHTS_NO_DIAGNOSTIC_CHANNEL = true
# makefile (from 'Makefile', line 3)
CFLAG = -Wall -Werror -Wextra
# environment
VSCODE_HANDLES_UNCAUGHT_ERRORS = true
# environment
GNOME_DESKTOP_SESSION_ID = this-is-deprecated
# automatic
^D = $(patsubst %/,%,$(dir $^))
# environment
MAKELEVEL := 1
# environment
COLORTERM = truecolor
# default
MAKE = $(MAKE_COMMAND)
# default
MAKECMDGOALS := all
# environment
QT_IM_MODULE = ibus
# environment
SHLVL = 1
# makefile (from 'Makefile', line 2)
CC = gcc
# default
MAKE_VERSION := 4.2.1
# environment
USER = akouoi
# makefile
.DEFAULT_GOAL := all
# environment
XDG_CURRENT_DESKTOP = Unity
# environment
LIBVIRT_DEFAULT_URI = qemu:///system
# automatic
%D = $(patsubst %/,%,$(dir $%))
# default
MAKE_COMMAND := make
# environment
OLDPWD = /mnt/nfs/homes/akouoi/repo
# default
.VARIABLES := 
# automatic
*F = $(notdir $*)
# environment
XDG_SEAT_PATH = /org/freedesktop/DisplayManager/Seat0
# environment
VSCODE_IPC_HOOK = /run/user/101966/vscode-a2ec804e-1.68.1-main.sock
# makefile
MAKEFLAGS = pqrRs
# environment
MFLAGS = -pqrRs
# automatic
*D = $(patsubst %/,%,$(dir $*))
# automatic
+D = $(patsubst %/,%,$(dir $+))
# environment
GDK_BACKEND = x11
# automatic
+F = $(notdir $+)
# environment
QT_ACCESSIBILITY = 1
# environment
DEFAULTS_PATH = /usr/share/gconf/ubuntu.default.path
# default
MAKEFILES := 
# automatic
<F = $(notdir $<)
# environment
ELECTRON_NO_ATTACH_CONSOLE = 1
# environment
GJS_DEBUG_TOPICS = JS ERROR;JS LOG
# environment
GNOME_TERMINAL_SCREEN = /org/gnome/Terminal/screen/4b6ff9dc_0026_4d75_921f_1477b602b5fb
# automatic
^F = $(notdir $^)
# environment
GNOME_TERMINAL_SERVICE = :1.81
# default
SUFFIXES := 
# environment
CHROME_DESKTOP = code-url-handler.desktop
# default
.INCLUDE_DIRS = /usr/include /usr/local/include /usr/include
# environment
GJS_DEBUG_OUTPUT = stderr
# makefile (from 'Makefile', line 1)
NAME = libft.a
# default
.RECIPEPREFIX := 
# environment
LANG = C
# environment
TERM = xterm-256color
# environment
DOCKER_HOST = unix:///run/user/101966/docker.sock
# environment
VSCODE_PID = 7380
# variable set hash-table stats:
# Load=110/1024=11%, Rehash=0, Collisions=17/142=12%

# Pattern-specific Variable Values

# No pattern-specific variable values.

# Directories

# . (device 58, inode 139035022): 101 files, no impossibilities.

# 101 files, no impossibilities in 1 directories.

# Implicit Rules

# No implicit rules.

# Files

# Not a target:
ft_strmapi.o:
#  Implicit rule search has been done.
#  Last modified 2022-06-30 11:16:35.43297534
#  File has been updated.
#  Successfully updated.

# Not a target:
ft_memcpy.o:
#  Implicit rule search has been done.
#  Last modified 2022-06-30 11:16:34.888970911
#  File has been updated.
#  Successfully updated.

# Not a target:
ft_itoa.o:
#  Implicit rule search has been done.
#  Last modified 2022-06-30 11:16:34.780970032
#  File has been updated.
#  Successfully updated.

# Not a target:
ft_memcmp.o:
#  Implicit rule search has been done.
#  Last modified 2022-06-30 11:16:34.852970618
#  File has been updated.
#  Successfully updated.

# Not a target:
ft_strlen.o:
#  Implicit rule search has been done.
#  Last modified 2022-06-30 11:16:35.360974754
#  File has been updated.
#  Successfully updated.

# Not a target:
ft_isdigit.o:
#  Implicit rule search has been done.
 
#  Last modified 2022-06-30 11:16:34.704969414
#  File has been updated.
#  Successfully updated.

# Not a target:
ft_dec.o:
#  Implicit rule search has been done.
#  Last modified 2022-06-30 11:16:35.732977782
#  File has been updated.
#  Successfully updated.

all: libft.a
#  Phony target (prerequisite of .PHONY).
#  Command line target.
#  Implicit rule search has not been done.
#  File does not exist.
#  File has been updated.
#  Successfully updated.

# Not a target:
ft_memchr.o:
#  Implicit rule search has been done.
#  Last modified 2022-06-30 11:16:34.816970325
#  File has been updated.
#  Successfully updated.

# Not a target:
ft_lstnew_bonus.o:
#  Implicit rule search has been done.
#  Last modified 2022-06-30 11:16:35.880978987
#  File has been updated.
#  Successfully updated.

# Not a target:
ft_memset.o:
#  Implicit rule search has been done.
#  Last modified 2022-06-30 11:16:34.956971465
#  File has been updated.
#  Successfully updated.

# Not a target:
ft_tolower.o:
#  Implicit rule search has been done.
#  Last modified 2022-06-30 11:16:35.660977196
#  File has been updated.
#  Successfully updated.

# Not a target:
ft_strrchr.o:
#  Implicit rule search has been done.
#  Last modified 2022-06-30 11:16:35.544976251
#  File has been updated.
#  Successfully updated.

# Not a target:
ft_strjoin.o:
#  Implicit rule search has been done.
#  Last modified 2022-06-30 11:16:35.288974168
#  File has been updated.
#  Successfully updated.

# Not a target:
ft_split.o:
#  Implicit rule search has been done.
#  Last modified 2022-06-30 11:16:35.148973028
#  File has been updated.
#  Successfully updated.

# Not a target:
ft_printf.o:
#  Implicit rule search has been done.
#  Last modified 2022-06-30 11:16:35.848978727
#  File has been updated.
#  Successfully updated.

# Not a target:
ft_strlcat.o:
#  Implicit rule search has been done.
#  Last modified 2022-06-30 11:16:35.396975047
#  File has been updated.
#  Successfully updated.

# Not a target:
Makefile:
#  Implicit rule search has been done.
#  Last modified 2022-06-30 11:03:29.558583558
#  File has been updated.
#  Successfully updated.

# Not a target:
ft_lstsize_bonus.o:
#  Implicit rule search has been done.
#  Last modified 2022-06-30 11:16:35.940979476
#  File has been updated.
#  Successfully updated.

# Not a target:
ft_isprint.o:
#  Implicit rule search has been done.
#  Last modified 2022-06-30 11:16:34.740969706
#  File has been updated.
#  Successfully updated.

libft.a: ft_atoi.o ft_bzero.o ft_calloc.o ft_isalnum.o ft_isalpha.o ft_isascii.o ft_isdigit.o ft_isprint.o ft_itoa.o ft_memchr.o ft_memcmp.o ft_memcpy.o ft_memmove.o ft_memset.o ft_putchar_fd.o ft_putendl_fd.o ft_putnbr_fd.o ft_putstr_fd.o ft_split.o ft_strchr.o ft_strdup.o ft_striteri.o ft_strjoin.o ft_strlcpy.o ft_strlen.o ft_strlcat.o ft_strmapi.o ft_strncmp.o ft_strnstr.o ft_strrchr.o ft_strtrim.o ft_substr.o ft_tolower.o ft_toupper.o ft_dec.o ft_hex.o ft_str.o ft_printf.o ft_lstnew_bonus.o ft_lstadd_front_bonus.o ft_lstsize_bonus.o ft_lstlast_bonus.o ft_lstadd_back_bonus.o ft_lstdelone_bonus.o ft_lstiter_bonus.o ft_lstclear_bonus.o ft_lstmap_bonus.o
#  Implicit rule search has not been done.
#  Last modified 2022-06-30 11:16:36.208981657
#  File has been updated.
#  Successfully updated.
#  recipe to execute (from 'Makefile', line 58):
	ar rc $(NAME) $^
	ranlib $(NAME)

build:
#  Phony target (prerequisite of .PHONY).
#  Implicit rule search has not been done.
#  File does not exist.
#  File has not been updated.

# Not a target:
ft_striteri.o:
#  Implicit rule search has been done.
#  Last modified 2022-06-30 11:16:35.252973874
#  File has been updated.
#  Successfully updated.

# Not a target:
ft_lstmap_bonus.o:
#  Implicit rule search has been done.
#  Last modified 2022-06-30 11:16:36.160981266
#  File has been updated.
#  Successfully updated.

# Not a target:
ft_bzero.o:
#  Implicit rule search has been done.
#  Last modified 2022-06-30 11:16:34.532968014
#  File has been updated.
#  Successfully updated.

# Not a target:
ft_lstadd_front_bonus.o:
#  Implicit rule search has been done.
#  Last modified 2022-06-30 11:16:35.912979247
#  File has been updated.
#  Successfully updated.

.PHONY: all build bonus clean fclean re
#  Implicit rule search has not been done.
#  Modification time never checked.
#  File has not been updated.

# Not a target:
ft_lstdelone_bonus.o:
#  Implicit rule search has been done.
#  Last modified 2022-06-30 11:16:36.048980354
#  File has been updated.
#  Successfully updated.

bonus:
#  Phony target (prerequisite of .PHONY).
#  Implicit rule search has not been done.
#  File does not exist.
#  File has not been updated.

# Not a target:
ft_putnbr_fd.o:
#  Implicit rule search has been done.
#  Last modified 2022-06-30 11:16:35.07297241
#  File has been updated.
#  Successfully updated.

.c.o:
#  Implicit rule search has not been done.
#  Modification time never checked.
#  File has not been updated.
#  recipe to execute (from 'Makefile', line 62):
	$(CC) -c $(CFLAG) $(SRC)

fclean: clean
#  Phony target (prerequisite of .PHONY).
#  Implicit rule search has not been done.
#  File does not exist.
#  File has not been updated.
#  recipe to execute (from 'Makefile', line 68):
	rm -f $(NAME)

# Not a target:
ft_calloc.o:
#  Implicit rule search has been done.
#  Last modified 2022-06-30 11:16:34.568968307
#  File has been updated.
#  Successfully updated.

# Not a target:
ft_substr.o:
#  Implicit rule search has been done.
#  Last modified 2022-06-30 11:16:35.628976935
#  File has been updated.
#  Successfully updated.

# Not a target:
ft_isalpha.o:
#  Implicit rule search has been done.
#  Last modified 2022-06-30 11:16:34.636968859
#  File has been updated.
#  Successfully updated.

# Not a target:
.DEFAULT:
#  Implicit rule search has not been done.
#  Modification time never checked.
#  File has not been updated.

# Not a target:
ft_strlcpy.o:
#  Implicit rule search has been done.
#  Last modified 2022-06-30 11:16:35.324974461
#  File has been updated.
#  Successfully updated.

# Not a target:
ft_strncmp.o:
#  Implicit rule search has been done.
#  Last modified 2022-06-30 11:16:35.4649756
#  File has been updated.
#  Successfully updated.

re: fclean all
#  Phony target (prerequisite of .PHONY).
#  Implicit rule search has not been done.
#  File does not exist.
#  File has not been updated.

clean:
#  Phony target (prerequisite of .PHONY).
#  Implicit rule search has not been done.
#  File does not exist.
#  File has not been updated.
#  recipe to execute (from 'Makefile', line 65):
	rm -f $(OBJ)

# Not a target:
ft_isalnum.o:
#  Implicit rule search has been done.
#  Last modified 2022-06-30 11:16:34.604968599
#  File has been updated.
#  Successfully updated.

# Not a target:
ft_lstadd_back_bonus.o:
#  Implicit rule search has been done.
#  Last modified 2022-06-30 11:16:36.008980029
#  File has been updated.
#  Successfully updated.

# Not a target:
ft_str.o:
#  Implicit rule search has been done.
#  Last modified 2022-06-30 11:16:35.808978401
#  File has been updated.
#  Successfully updated.

# Not a target:
ft_isascii.o:
#  Implicit rule search has been done.
#  Last modified 2022-06-30 11:16:34.672969153
#  File has been updated.
#  Successfully updated.

# Not a target:
ft_strdup.o:
#  Implicit rule search has been done.
#  Last modified 2022-06-30 11:16:35.220973614
#  File has been updated.
#  Successfully updated.

# Not a target:
 
ft_lstiter_bonus.o:
#  Implicit rule search has been done.
#  Last modified 2022-06-30 11:16:36.084980647
#  File has been updated.
#  Successfully updated.

# Not a target:
ft_memmove.o:
#  Implicit rule search has been done.
#  Last modified 2022-06-30 11:16:34.920971172
#  File has been updated.
#  Successfully updated.

# Not a target:
ft_strchr.o:
#  Implicit rule search has been done.
#  Last modified 2022-06-30 11:16:35.188973354
#  File has been updated.
#  Successfully updated.

# Not a target:
ft_toupper.o:
#  Implicit rule search has been done.
#  Last modified 2022-06-30 11:16:35.692977457
#  File has been updated.
#  Successfully updated.

# Not a target:
ft_strnstr.o:
#  Implicit rule search has been done.
#  Last modified 2022-06-30 11:16:35.504975925
#  File has been updated.
#  Successfully updated.

# Not a target:
ft_putstr_fd.o:
#  Implicit rule search has been done.
#  Last modified 2022-06-30 11:16:35.108972702
#  File has been updated.
#  Successfully updated.

# Not a target:
ft_lstlast_bonus.o:
#  Implicit rule search has been done.
#  Last modified 2022-06-30 11:16:35.972979736
#  File has been updated.
#  Successfully updated.

# Not a target:
ft_putchar_fd.o:
#  Implicit rule search has been done.
#  Last modified 2022-06-30 11:16:34.992971758
#  File has been updated.
#  Successfully updated.

# Not a target:
ft_atoi.o:
#  Implicit rule search has been done.
#  Last modified 2022-06-30 11:16:34.500967752
#  File has been updated.
#  Successfully updated.

# Not a target:
ft_lstclear_bonus.o:
#  Implicit rule search has been done.
#  Last modified 2022-06-30 11:16:36.12098094
#  File has been updated.
#  Successfully updated.

# Not a target:
ft_strtrim.o:
#  Implicit rule search has been done.
#  Last modified 2022-06-30 11:16:35.58897661
#  File has been updated.
#  Successfully updated.

# Not a target:
ft_hex.o:
#  Implicit rule search has been done.
#  Last modified 2022-06-30 11:16:35.768978076
#  File has been updated.
#  Successfully updated.

# Not a target:
ft_putendl_fd.o:
#  Implicit rule search has been done.
#  Last modified 2022-06-30 11:16:35.036972116
#  File has been updated.
#  Successfully updated.

# files hash-table stats:
# Load=59/1024=6%, Rehash=0, Collisions=6/128=5%
# VPATH Search Paths

# No 'vpath' search paths.

# No general ('VPATH' variable) search path.

# strcache buffers: 1 (0) / strings = 114 / storage = 1472 B / avg = 12 B
# current buf: size = 8162 B / used = 1472 B / count = 114 / avg = 12 B

# strcache performance: lookups = 182 / hit rate = 37%
# hash-table stats:
# Load=114/8192=1%, Rehash=0, Collisions=4/182=2%
# Finished Make data base on Thu Jun 30 11:16:53 2022

# GNU Make 4.2.1
# Built for x86_64-pc-linux-gnu
# Copyright (C) 1988-2016 Free Software Foundation, Inc.
# License GPLv3+: GNU GPL version 3 or later <http://gnu.org/licenses/gpl.html>
# This is free software: you are free to change and redistribute it.
# There is NO WARRANTY, to the extent permitted by law.

# Make data base, printed on Thu Jun 30 11:16:53 2022

# Variables

# automatic
<D = $(patsubst %/,%,$(dir $<))
# automatic
?F = $(notdir $?)
# environment
DESKTOP_SESSION = ubuntu
# default
.SHELLFLAGS := -c
# makefile (from 'Makefile', line 23)
OBJ = $(SRC:.c=.o)
# environment
XDG_SESSION_CLASS = user
# makefile (from 'Makefile', line 8)
SRC = main.c check_arg.c init.c moves.c move_r.c move_p.c move_s.c print.c refresh.c sort_bubble.c sort_quick.c sort_two_three.c sort_test.c math.c
# environment
XDG_SESSION_TYPE = x11
# environment
VSCODE_LOG_NATIVE = false
# automatic
?D = $(patsubst %/,%,$(dir $?))
# automatic
@D = $(patsubst %/,%,$(dir $@))
# environment
XAUTHORITY = /mnt/nfs/homes/akouoi/.Xauthority
# environment
GDMSESSION = ubuntu
# environment
XMODIFIERS = @im=ibus
# makefile
CURDIR := /mnt/nfs/homes/akouoi/repo/push_swap_2
# makefile
SHELL = /bin/sh
# environment
VTE_VERSION = 6003
# environment
VSCODE_NLS_CONFIG = {"locale":"en-us","availableLanguages":{},"_languagePackSupport":true}
# environment
_ = /usr/bin/code
# makefile (from 'Makefile', line 5)
c = \033[0m"
# environment
JOURNAL_STREAM = 9:59203
# environment
XDG_CONFIG_DIRS = /etc/xdg/xdg-ubuntu:/etc/xdg
# makefile (from 'Makefile', line 1)
MAKEFILE_LIST :=  Makefile
# automatic
@F = $(notdir $@)
# environment
IM_CONFIG_PHASE = 1
# 'override' directive
GNUMAKEFLAGS := 
# environment
MANDATORY_PATH = /usr/share/gconf/ubuntu.mandatory.path
# environment
XDG_DATA_DIRS = /usr/share/gnome:/usr/share/ubuntu:/mnt/nfs/homes/akouoi/.local/share/flatpak/exports/share:/var/lib/flatpak/exports/share:/usr/local/share:/usr/share:/var/lib/snapd/desktop
# environment
DBUS_SESSION_BUS_ADDRESS = unix:path=/run/user/101966/bus
# environment
VSCODE_VERBOSE_LOGGING = true
# environment
MANAGERPID = 3891
# environment
VSCODE_IPC_HOOK_EXTHOST = /run/user/101966/vscode-ipc-a05276e0-ec88-47a8-bf68-a688f2f1f714.sock
# environment
VSCODE_CWD = /mnt/nfs/homes/akouoi/repo/push_swap_2
# environment
XDG_SESSION_PATH = /org/freedesktop/DisplayManager/Session0
# environment
KRB5CCNAME = FILE:/tmp/krb5cc_101966_pTGbXl
# default
MAKE_HOST := x86_64-pc-linux-gnu
# environment
PATH = /mnt/nfs/homes/akouoi/bin:/usr/local/sbin:/usr/local/bin:/usr/sbin:/usr/bin:/sbin:/bin:/usr/games:/usr/local/games:/snap/bin
# environment
GPG_AGENT_INFO = /run/user/101966/gnupg/S.gpg-agent:0:1
# environment
SESSION_MANAGER = local/e2r10p23.42.fr:@/tmp/.ICE-unix/4394,unix/e2r10p23.42.fr:/tmp/.ICE-unix/4394
# environment
XDG_RUNTIME_DIR = /run/user/101966
# environment
XDG_MENU_PREFIX = gnome-
# environment
VSCODE_LOG_STACK = false
# environment
ELECTRON_RUN_AS_NODE = 1
# environment
INVOCATION_ID = c74d0246696b426db18d457cdd2f0530
# default
.FEATURES := target-specific order-only second-expansion else-if shortest-stem undefine oneshell archives jobserver output-sync check-symlink load
# environment
XDG_GREETER_DATA_DIR = /var/lib/lightdm-data/akouoi
# environment
XDG_SESSION_DESKTOP = ubuntu
# environment
SSH_AUTH_SOCK = /run/user/101966/keyring/ssh
# automatic
%F = $(notdir $%)
# environment
DISPLAY = :0
# environment
VSCODE_PIPE_LOGGING = true
# environment
PWD = /mnt/nfs/homes/akouoi/repo/push_swap_2
# makefile (from 'Makefile', line 2)
cgre = "\033[0;32m
# default
.LOADED := 
# environment
SSH_AGENT_PID = 4358
# environment
ORIGINAL_XDG_CURRENT_DESKTOP = ubuntu:GNOME
# environment
GTK_MODULES = gail:atk-bridge
# environment
VSCODE_AMD_ENTRYPOINT = vs/workbench/api/node/extensionHostProcess
# environment
HOME = /mnt/nfs/homes/akouoi
# environment
VSCODE_CLI = 1
# environment
VSCODE_CODE_CACHE_PATH = /mnt/nfs/homes/akouoi/.config/Code/CachedData/30d9c6cd9483b2cc586687151bcbcd635f373630
# environment
LOGNAME = akouoi
# environment
APPLICATION_INSIGHTS_NO_DIAGNOSTIC_CHANNEL = true
# environment
ELECTRON_NO_ATTACH_CONSOLE = 1
# makefile (from 'Makefile', line 7)
CFLAG = -Wall -Werror -Wextra
# environment
VSCODE_HANDLES_UNCAUGHT_ERRORS = true
# environment
GNOME_DESKTOP_SESSION_ID = this-is-deprecated
# automatic
^D = $(patsubst %/,%,$(dir $^))
# environment
MAKELEVEL := 0
# environment
COLORTERM = truecolor
# default
MAKE = $(MAKE_COMMAND)
# default
MAKECMDGOALS := all
# environment
QT_IM_MODULE = ibus
# environment
SHLVL = 1
# makefile (from 'Makefile', line 6)
CC = gcc
# default
MAKE_VERSION := 4.2.1
# environment
USER = akouoi
# makefile
.DEFAULT_GOAL := all
# environment
XDG_CURRENT_DESKTOP = Unity
# environment
LIBVIRT_DEFAULT_URI = qemu:///system
# automatic
%D = $(patsubst %/,%,$(dir $%))
# default
MAKE_COMMAND := make
# environment
OLDPWD = /mnt/nfs/homes/akouoi/repo
# default
.VARIABLES := 
# automatic
*F = $(notdir $*)
# environment
XDG_SEAT_PATH = /org/freedesktop/DisplayManager/Seat0
# environment
VSCODE_IPC_HOOK = /run/user/101966/vscode-a2ec804e-1.68.1-main.sock
# makefile
MAKEFLAGS = pqrRs
# environment
MFLAGS = -pqrRs
# automatic
 
make: *** Deleting file 'check_arg.o'

*D = $(patsubst %/,%,$(dir $*))
# automatic
+D = $(patsubst %/,%,$(dir $+))
# environment
GDK_BACKEND = x11
# makefile (from 'Makefile', line 4)
cora = "\033[1;33m
# automatic
+F = $(notdir $+)
# environment
QT_ACCESSIBILITY = 1
# environment
DEFAULTS_PATH = /usr/share/gconf/ubuntu.default.path
# default
MAKEFILES := 
# automatic
<F = $(notdir $<)
# environment
LC_ALL = C
# makefile (from 'Makefile', line 3)
cblu = "\033[0;36m
# environment
GJS_DEBUG_TOPICS = JS ERROR;JS LOG
# environment
GNOME_TERMINAL_SCREEN = /org/gnome/Terminal/screen/4b6ff9dc_0026_4d75_921f_1477b602b5fb
# automatic
^F = $(notdir $^)
# environment
GNOME_TERMINAL_SERVICE = :1.81
# default
SUFFIXES := 
# environment
CHROME_DESKTOP = code-url-handler.desktop
# default
.INCLUDE_DIRS = /usr/include /usr/local/include /usr/include
# environment
GJS_DEBUG_OUTPUT = stderr
# makefile (from 'Makefile', line 1)
NAME = push_swap 
# default
.RECIPEPREFIX := 
# environment
LANG = C
# environment
TERM = xterm-256color
# environment
DOCKER_HOST = unix:///run/user/101966/docker.sock
# environment
VSCODE_PID = 7380
# variable set hash-table stats:
# Load=114/1024=11%, Rehash=0, Collisions=17/153=11%

# Pattern-specific Variable Values

# No pattern-specific variable values.

# Directories

# . (device 58, inode 139002708): 37 files, no impossibilities.

# 37 files, no impossibilities in 1 directories.

# Implicit Rules

%.o: %.c
#  recipe to execute (from 'Makefile', line 44):
	$(MAKE) all -C libft
	$(CC) $(CFLAG) -c $^

# 1 implicit rules, 0 (0.0%) terminal.

# Files

# Not a target:
sort_test.o:
#  Implicit rule search has not been done.
#  Modification time never checked.
#  File has not been updated.

# Not a target:
check_arg.c:
#  Implicit rule search has been done.
#  Last modified 2022-06-30 11:16:53.193119922
#  File has been updated.
#  Successfully updated.

# Not a target:
move_r.o:
#  Implicit rule search has not been done.
#  Modification time never checked.
#  File has not been updated.

all: push_swap
#  Phony target (prerequisite of .PHONY).
#  Command line target.
#  Implicit rule search has not been done.
#  File does not exist.
#  File has been updated.
#  Needs to be updated (-q is set).
# variable set hash-table stats:
# Load=0/32=0%, Rehash=0, Collisions=0/10=0%

.PHONY: all build bonus clean fclean re
#  Implicit rule search has not been done.
#  Modification time never checked.
#  File has not been updated.

# Not a target:
main.c:
#  Implicit rule search has been done.
#  Last modified 2022-06-30 11:16:32.712953197
#  File has been updated.
#  Successfully updated.

# Not a target:
print.o:
#  Implicit rule search has not been done.
#  Modification time never checked.
#  File has not been updated.

# Not a target:
Makefile:
#  Implicit rule search has been done.
#  Last modified 2022-06-30 11:15:55.88865342
#  File has been updated.
#  Successfully updated.

build:
#  Phony target (prerequisite of .PHONY).
#  Implicit rule search has not been done.
#  File does not exist.
#  File has not been updated.

# Not a target:
sort_quick.o:
#  Implicit rule search has not been done.
#  Modification time never checked.
#  File has not been updated.

bonus:
#  Phony target (prerequisite of .PHONY).
#  Implicit rule search has not been done.
#  File does not exist.
#  File has not been updated.

# Not a target:
move_s.o:
#  Implicit rule search has not been done.
#  Modification time never checked.
#  File has not been updated.

fclean: clean
#  Phony target (prerequisite of .PHONY).
#  Implicit rule search has not been done.
#  File does not exist.
#  File has not been updated.
#  recipe to execute (from 'Makefile', line 52):
	rm -f $(NAME)
	@echo $(cblu)MAKE FCLEAN$(c)

# Not a target:
refresh.o:
#  Implicit rule search has not been done.
#  Modification time never checked.
#  File has not been updated.

# Not a target:
moves.o:
#  Implicit rule search has not been done.
#  Modification time never checked.
#  File has not been updated.

.SILENT:
#  Implicit rule search has not been done.
#  Modification time never checked.
#  File has not been updated.

# Not a target:
.DEFAULT:
#  Implicit rule search has not been done.
#  Modification time never checked.
#  File has not been updated.

re: fclean all
#  Phony target (prerequisite of .PHONY).
#  Implicit rule search has not been done.
#  File does not exist.
#  File has not been updated.

clean:
#  Phony target (prerequisite of .PHONY).
#  Implicit rule search has not been done.
#  File does not exist.
#  File has not been updated.
#  recipe to execute (from 'Makefile', line 47):
	$(MAKE) fclean -C libft
	rm -f $(OBJ)
	@echo $(cblu)MAKE CLEAN$(c)

check_arg.o: check_arg.c
#  Implicit rule search has been done.
#  Implicit/static pattern stem: 'check_arg'
#  Last modified 2514-05-30 03:53:03.107374182
#  File has been updated.
#  Needs to be updated (-q is set).
# automatic
# @ := check_arg.o
# automatic
# % := 
# automatic
# * := check_arg
# automatic
# + := check_arg.c
# automatic
# | := 
# automatic
# < := check_arg.c
# automatic
# ^ := check_arg.c
# automatic
# ? := check_arg.c
# variable set hash-table stats:
# Load=8/32=25%, Rehash=0, Collisions=4/19=21%
#  recipe to execute (from 'Makefile', line 44):
	$(MAKE) all -C libft
	$(CC) $(CFLAG) -c $^

push_swap: main.o check_arg.o init.o moves.o move_r.o move_p.o move_s.o print.o refresh.o sort_bubble.o sort_quick.o sort_two_three.o sort_test.o math.o
#  Implicit rule search has not been done.
#  Last modified 2022-06-30 11:16:36.928987519
#  File has been updated.
#  Needs to be updated (-q is set).
# variable set hash-table stats:
# Load=0/32=0%, Rehash=0, Collisions=0/10=0%
#  recipe to execute (from 'Makefile', line 27):
	$(CC) $(OBJ) -L libft/. -lft -g -o $(NAME)
	@echo $(cora)     ____     ____ 	$(c)
	@echo $(cora)    '000\ \ / /000' 		$(c)
	@echo $(cora)    ,\\\\\ | /////, 		$(c)
	@echo $(cora) __  \ .--. .--. /  __	    $(c)
	@echo $(cora)___\/ '    |    ' \/___	$(c)
	@echo $(cora)-- _, !    |    ! ,_ --	$(c)
	@echo $(cora)   / '!    |    !' \ 	    $(c)
	@echo $(cora)  /'/ !    |    ! \'\  	$(c)
	@echo $(cora) 10 ! \   0|0   / ! 01 	$(c)
	@echo $(cora) !0 \   --; ;--   / 0!		$(c)
	@echo $(cora)     \    ,-,    /     	$(c)
	@echo $(cora)  \ 0  --~   ~--  0 / 	    $(c)
	@echo $(cora)   \ -___________- /		$(c)
	@echo $(cora)       MAKE DONE$(c)

# Not a target:
init.o:
#  Implicit rule search has not been done.
#  Modification time never checked.
#  File has not been updated.

main.o: main.c
#  Implicit rule search has been done.
#  Implicit/static pattern stem: 'main'
#  Last modified 2022-06-30 11:16:36.248981983
#  File has been updated.
#  Successfully updated.
#  recipe to execute (from 'Makefile', line 44):
	$(MAKE) all -C libft
	$(CC) $(CFLAG) -c $^

# Not a target:
move_p.o:
#  Implicit rule search has not been done.
#  Modification time never checked.
#  File has not been updated.

# Not a target:
math.o:
#  Implicit rule search has not been done.
#  Modification time never checked.
#  File has not been updated.

 
# Not a target:
sort_two_three.o:
#  Implicit rule search has not been done.
#  Modification time never checked.
#  File has not been updated.

# Not a target:
sort_bubble.o:
#  Implicit rule search has not been done.
#  Modification time never checked.
#  File has not been updated.

# files hash-table stats:
# Load=28/1024=3%, Rehash=0, Collisions=0/70=0%
# VPATH Search Paths

# No 'vpath' search paths.

# No general ('VPATH' variable) search path.

# strcache buffers: 1 (0) / strings = 53 / storage = 465 B / avg = 8 B
# current buf: size = 8162 B / used = 465 B / count = 53 / avg = 8 B

# strcache performance: lookups = 92 / hit rate = 42%
# hash-table stats:
# Load=53/8192=1%, Rehash=0, Collisions=1/92=1%
# Finished Make data base on Thu Jun 30 11:16:53 2022

 
